This is pdfTeX, Version 3.14159265-2.6-1.40.20 (TeX Live 2019/Debian) (preloaded format=pdflatex 2023.2.24)  20 APR 2023 22:48
entering extended mode
 restricted \write18 enabled.
 %&-line parsing enabled.
**paper.tex
(./paper.tex
LaTeX2e <2020-02-02> patch level 2
L3 programming layer <2020-02-14> (./IEEEcsmag.cls
Document Class: IEEEcsmag 2009/06/23 V1.2
-- See the "IEEECsMag_HOWTO" manual for usage information.
\@IEEEtrantmpdimenA=\dimen134
\@IEEEtrantmpdimenB=\dimen135
\@IEEEtrantmpcountA=\count167
\@IEEEtrantmpcountB=\count168
\@IEEEtrantmptoksA=\toks14
(./sfmath.sty
Package: sfmath 2007/08/27 v0.8 sans serif maths
LaTeX Font Info:    Overwriting symbol font `operators' in version `normal'
(Font)                  OT1/cmr/m/n --> OT1/phv/m/n on input line 329.
LaTeX Font Info:    Overwriting symbol font `operators' in version `bold'
(Font)                  OT1/cmr/bx/n --> OT1/phv/bx/n on input line 330.
\symSFMath=\mathgroup4
LaTeX Font Info:    Overwriting symbol font `SFMath' in version `normal'
(Font)                  OT1/phv/m/sl --> OT1/phv/m/sl on input line 343.
LaTeX Font Info:    Overwriting symbol font `SFMath' in version `bold'
(Font)                  OT1/phv/m/sl --> OT1/phv/bx/sl on input line 344.
LaTeX Font Info:    Redeclaring math symbol \imath on input line 398.
LaTeX Font Info:    Redeclaring math symbol \jmath on input line 399.
\symSFMathUp=\mathgroup5
LaTeX Font Info:    Overwriting symbol font `SFMathUp' in version `normal'
(Font)                  OT1/phv/m/n --> OT1/phv/m/n on input line 406.
LaTeX Font Info:    Overwriting symbol font `SFMathUp' in version `bold'
(Font)                  OT1/phv/m/n --> OT1/phv/bx/n on input line 407.
LaTeX Font Info:    Redeclaring math symbol \ldotp on input line 410.
\symSFMathGreek=\mathgroup6
LaTeX Font Info:    Overwriting symbol font `SFMathGreek' in version `normal'
(Font)                  OT1/cmss/m/n --> OT1/cmss/m/n on input line 419.
LaTeX Font Info:    Overwriting symbol font `SFMathGreek' in version `bold'
(Font)                  OT1/cmss/m/n --> OT1/cmss/bx/n on input line 420.
LaTeX Font Info:    Redeclaring math symbol \Gamma on input line 422.
LaTeX Font Info:    Redeclaring math symbol \Delta on input line 423.
LaTeX Font Info:    Redeclaring math symbol \Theta on input line 424.
LaTeX Font Info:    Redeclaring math symbol \Lambda on input line 425.
LaTeX Font Info:    Redeclaring math symbol \Xi on input line 426.
LaTeX Font Info:    Redeclaring math symbol \Pi on input line 427.
LaTeX Font Info:    Redeclaring math symbol \Sigma on input line 428.
LaTeX Font Info:    Redeclaring math symbol \Upsilon on input line 429.
LaTeX Font Info:    Redeclaring math symbol \Phi on input line 430.
LaTeX Font Info:    Redeclaring math symbol \Psi on input line 431.
LaTeX Font Info:    Redeclaring math symbol \Omega on input line 432.
\symSFMathUpGreek=\mathgroup7
LaTeX Font Info:    Overwriting symbol font `SFMathUpGreek' in version `normal'

(Font)                  OT1/cmss/m/n --> OT1/cmss/m/n on input line 436.
LaTeX Font Info:    Overwriting symbol font `SFMathUpGreek' in version `bold'
(Font)                  OT1/cmss/m/n --> OT1/cmss/bx/n on input line 437.
LaTeX Font Info:    Overwriting math alphabet `\mathnormal' in version `normal'

(Font)                  OML/cmm/m/it --> OT1/phv/m/sl on input line 446.
LaTeX Font Info:    Overwriting math alphabet `\mathnormal' in version `bold'
(Font)                  OML/cmm/b/it --> OT1/phv/bx/sl on input line 447.
LaTeX Font Info:    Overwriting math alphabet `\mathrm' in version `normal'
(Font)                  OT1/phv/m/n --> OT1/phv/m/n on input line 449.
LaTeX Font Info:    Overwriting math alphabet `\mathrm' in version `bold'
(Font)                  OT1/phv/bx/n --> OT1/phv/bx/n on input line 450.
LaTeX Font Info:    Overwriting math alphabet `\mathbf' in version `normal'
(Font)                  OT1/cmr/bx/n --> OT1/phv/bx/n on input line 452.
LaTeX Font Info:    Overwriting math alphabet `\mathbf' in version `bold'
(Font)                  OT1/cmr/bx/n --> OT1/phv/bx/n on input line 453.
LaTeX Font Info:    Overwriting math alphabet `\mathit' in version `normal'
(Font)                  OT1/cmr/m/it --> OT1/phv/m/sl on input line 455.
LaTeX Font Info:    Overwriting math alphabet `\mathit' in version `bold'
(Font)                  OT1/cmr/bx/it --> OT1/phv/bx/sl on input line 456.
LaTeX Font Info:    Overwriting math alphabet `\mathsf' in version `normal'
(Font)                  OT1/cmss/m/n --> OT1/phv/m/n on input line 458.
LaTeX Font Info:    Overwriting math alphabet `\mathsf' in version `bold'
(Font)                  OT1/cmss/bx/n --> OT1/phv/bx/n on input line 459.
LaTeX Font Info:    Overwriting math alphabet `\mathsl' in version `bold'
(Font)                  OT1/phv/m/sl --> OT1/phv/bx/sl on input line 466.
)
LaTeX Font Info:    Trying to load font information for OT1+phv on input line 3
94.
 (/usr/share/texlive/texmf-dist/tex/latex/psnfss/ot1phv.fd
File: ot1phv.fd 2001/06/04 scalable font definitions for OT1/phv.
)
-- Using 8.25in x 10.75in (IEEE Photonics PaperSize) paper.
-- Using PDF output.
\@IEEEnormalsizeunitybaselineskip=\dimen136
-- This is a 10 point document.
\CLASSINFOnormalsizebaselineskip=\dimen137
\CLASSINFOnormalsizeunitybaselineskip=\dimen138
\IEEEnormaljot=\dimen139
LaTeX Font Info:    Font shape `OT1/phv/bx/n' in size <5> not available
(Font)              Font shape `OT1/phv/b/n' tried instead on input line 752.
LaTeX Font Info:    Font shape `OT1/phv/m/it' in size <5> not available
(Font)              Font shape `OT1/phv/m/sl' tried instead on input line 752.
LaTeX Font Info:    Font shape `OT1/phv/bx/it' in size <5> not available
(Font)              Font shape `OT1/phv/b/it' tried instead on input line 752.
LaTeX Font Info:    Font shape `OT1/phv/b/it' in size <5> not available
(Font)              Font shape `OT1/phv/b/sl' tried instead on input line 752.
LaTeX Font Info:    Font shape `OT1/phv/bx/n' in size <7> not available
(Font)              Font shape `OT1/phv/b/n' tried instead on input line 752.
LaTeX Font Info:    Font shape `OT1/phv/m/it' in size <7> not available
(Font)              Font shape `OT1/phv/m/sl' tried instead on input line 752.
LaTeX Font Info:    Font shape `OT1/phv/bx/it' in size <7> not available
(Font)              Font shape `OT1/phv/b/it' tried instead on input line 752.
LaTeX Font Info:    Font shape `OT1/phv/b/it' in size <7> not available
(Font)              Font shape `OT1/phv/b/sl' tried instead on input line 752.
LaTeX Font Info:    Font shape `OT1/phv/bx/n' in size <8> not available
(Font)              Font shape `OT1/phv/b/n' tried instead on input line 752.
LaTeX Font Info:    Font shape `OT1/phv/m/it' in size <8> not available
(Font)              Font shape `OT1/phv/m/sl' tried instead on input line 752.
LaTeX Font Info:    Font shape `OT1/phv/bx/it' in size <8> not available
(Font)              Font shape `OT1/phv/b/it' tried instead on input line 752.
LaTeX Font Info:    Font shape `OT1/phv/b/it' in size <8> not available
(Font)              Font shape `OT1/phv/b/sl' tried instead on input line 752.
LaTeX Font Info:    Font shape `OT1/phv/bx/n' in size <8.5> not available
(Font)              Font shape `OT1/phv/b/n' tried instead on input line 752.
LaTeX Font Info:    Font shape `OT1/phv/m/it' in size <8.5> not available
(Font)              Font shape `OT1/phv/m/sl' tried instead on input line 752.
LaTeX Font Info:    Font shape `OT1/phv/bx/it' in size <8.5> not available
(Font)              Font shape `OT1/phv/b/it' tried instead on input line 752.
LaTeX Font Info:    Font shape `OT1/phv/b/it' in size <8.5> not available
(Font)              Font shape `OT1/phv/b/sl' tried instead on input line 752.
LaTeX Font Info:    Font shape `OT1/phv/bx/n' in size <9.03374> not available
(Font)              Font shape `OT1/phv/b/n' tried instead on input line 752.
LaTeX Font Info:    Font shape `OT1/phv/m/it' in size <9.03374> not available
(Font)              Font shape `OT1/phv/m/sl' tried instead on input line 752.
LaTeX Font Info:    Font shape `OT1/phv/bx/it' in size <9.03374> not available
(Font)              Font shape `OT1/phv/b/it' tried instead on input line 752.
LaTeX Font Info:    Font shape `OT1/phv/b/it' in size <9.03374> not available
(Font)              Font shape `OT1/phv/b/sl' tried instead on input line 752.
LaTeX Font Info:    Font shape `OT1/phv/bx/n' in size <10> not available
(Font)              Font shape `OT1/phv/b/n' tried instead on input line 752.
LaTeX Font Info:    Font shape `OT1/phv/m/it' in size <10> not available
(Font)              Font shape `OT1/phv/m/sl' tried instead on input line 752.
LaTeX Font Info:    Font shape `OT1/phv/bx/it' in size <10> not available
(Font)              Font shape `OT1/phv/b/it' tried instead on input line 752.
LaTeX Font Info:    Font shape `OT1/phv/b/it' in size <10> not available
(Font)              Font shape `OT1/phv/b/sl' tried instead on input line 752.
LaTeX Font Info:    Font shape `OT1/phv/bx/n' in size <12> not available
(Font)              Font shape `OT1/phv/b/n' tried instead on input line 752.
LaTeX Font Info:    Font shape `OT1/phv/m/it' in size <12> not available
(Font)              Font shape `OT1/phv/m/sl' tried instead on input line 752.
LaTeX Font Info:    Font shape `OT1/phv/bx/it' in size <12> not available
(Font)              Font shape `OT1/phv/b/it' tried instead on input line 752.
LaTeX Font Info:    Font shape `OT1/phv/b/it' in size <12> not available
(Font)              Font shape `OT1/phv/b/sl' tried instead on input line 752.
LaTeX Font Info:    Font shape `OT1/phv/bx/n' in size <17> not available
(Font)              Font shape `OT1/phv/b/n' tried instead on input line 752.
LaTeX Font Info:    Font shape `OT1/phv/m/it' in size <17> not available
(Font)              Font shape `OT1/phv/m/sl' tried instead on input line 752.
LaTeX Font Info:    Font shape `OT1/phv/bx/it' in size <17> not available
(Font)              Font shape `OT1/phv/b/it' tried instead on input line 752.
LaTeX Font Info:    Font shape `OT1/phv/b/it' in size <17> not available
(Font)              Font shape `OT1/phv/b/sl' tried instead on input line 752.
LaTeX Font Info:    Font shape `OT1/phv/bx/n' in size <20> not available
(Font)              Font shape `OT1/phv/b/n' tried instead on input line 752.
LaTeX Font Info:    Font shape `OT1/phv/m/it' in size <20> not available
(Font)              Font shape `OT1/phv/m/sl' tried instead on input line 752.
LaTeX Font Info:    Font shape `OT1/phv/bx/it' in size <20> not available
(Font)              Font shape `OT1/phv/b/it' tried instead on input line 752.
LaTeX Font Info:    Font shape `OT1/phv/b/it' in size <20> not available
(Font)              Font shape `OT1/phv/b/sl' tried instead on input line 752.
LaTeX Font Info:    Font shape `OT1/phv/bx/n' in size <18> not available
(Font)              Font shape `OT1/phv/b/n' tried instead on input line 752.
LaTeX Font Info:    Font shape `OT1/phv/m/it' in size <18> not available
(Font)              Font shape `OT1/phv/m/sl' tried instead on input line 752.
LaTeX Font Info:    Font shape `OT1/phv/bx/it' in size <18> not available
(Font)              Font shape `OT1/phv/b/it' tried instead on input line 752.
LaTeX Font Info:    Font shape `OT1/phv/b/it' in size <18> not available
(Font)              Font shape `OT1/phv/b/sl' tried instead on input line 752.
\IEEEilabelindentA=\dimen140
\IEEEilabelindentB=\dimen141
\IEEEilabelindent=\dimen142
\IEEEelabelindent=\dimen143
\IEEEdlabelindent=\dimen144
\IEEElabelindent=\dimen145
\IEEEiednormlabelsep=\dimen146
\IEEEiedmathlabelsep=\dimen147
\IEEEiedtopsep=\skip47
\c@section=\count169
\c@subsection=\count170
\c@subsubsection=\count171
\c@paragraph=\count172
\c@IEEEsubequation=\count173
\abovecaptionskip=\skip48
\belowcaptionskip=\skip49
\c@figure=\count174
\marginfigbox=\box45
\c@table=\count175
\margintabbox=\box46
\@IEEEeqnnumcols=\count176
\@IEEEeqncolcnt=\count177
\mkthtt=\skip50
(/usr/share/texlive/texmf-dist/tex/latex/graphics/color.sty
Package: color 2019/11/23 v1.2a Standard LaTeX Color (DPC)

(/usr/share/texlive/texmf-dist/tex/latex/graphics-cfg/color.cfg
File: color.cfg 2016/01/02 v1.6 sample color configuration
)
Package color Info: Driver file: pdftex.def on input line 147.

(/usr/share/texlive/texmf-dist/tex/latex/graphics-def/pdftex.def
File: pdftex.def 2018/01/08 v1.0l Graphics/color driver for pdftex
))
(/usr/share/texlive/texmf-dist/tex/generic/iftex/ifpdf.sty
Package: ifpdf 2019/10/25 v3.4 ifpdf legacy package. Use iftex instead.

(/usr/share/texlive/texmf-dist/tex/generic/iftex/iftex.sty
Package: iftex 2019/11/07 v1.0c TeX engine tests
))
Package color Info: Redefining color white on input line 3368.
LaTeX Font Info:    Font shape `OT1/phv/m/it' in size <9> not available
(Font)              Font shape `OT1/phv/m/sl' tried instead on input line 3432.

\tempbox=\box47
\abstractbox=\box48
\@IEEEtmpitemindent=\dimen148
\c@IEEEbiography=\count178
\@IEEEtranrubishbin=\box49
\footheight=\dimen149

(/usr/share/texlive/texmf-dist/tex/latex/graphics/graphicx.sty
Package: graphicx 2019/11/30 v1.2a Enhanced LaTeX Graphics (DPC,SPQR)

(/usr/share/texlive/texmf-dist/tex/latex/graphics/keyval.sty
Package: keyval 2014/10/28 v1.15 key=value parser (DPC)
\KV@toks@=\toks15
)
(/usr/share/texlive/texmf-dist/tex/latex/graphics/graphics.sty
Package: graphics 2019/11/30 v1.4a Standard LaTeX Graphics (DPC,SPQR)

(/usr/share/texlive/texmf-dist/tex/latex/graphics/trig.sty
Package: trig 2016/01/03 v1.10 sin cos tan (DPC)
)
(/usr/share/texlive/texmf-dist/tex/latex/graphics-cfg/graphics.cfg
File: graphics.cfg 2016/06/04 v1.11 sample graphics configuration
)
Package graphics Info: Driver file: pdftex.def on input line 105.
)
\Gin@req@height=\dimen150
\Gin@req@width=\dimen151
)
\typeheight=\dimen152
\typewidth=\dimen153
\extramargin=\skip51

(/usr/share/texlive/texmf-dist/tex/latex/amsmath/amsmath.sty
Package: amsmath 2020/01/20 v2.17e AMS math features
\@mathmargin=\skip52

For additional information on amsmath, use the `?' option.
(/usr/share/texlive/texmf-dist/tex/latex/amsmath/amstext.sty
Package: amstext 2000/06/29 v2.01 AMS text

(/usr/share/texlive/texmf-dist/tex/latex/amsmath/amsgen.sty
File: amsgen.sty 1999/11/30 v2.0 generic functions
\@emptytoks=\toks16
\ex@=\dimen154
))
(/usr/share/texlive/texmf-dist/tex/latex/amsmath/amsbsy.sty
Package: amsbsy 1999/11/29 v1.2d Bold Symbols
\pmbraise@=\dimen155
)
(/usr/share/texlive/texmf-dist/tex/latex/amsmath/amsopn.sty
Package: amsopn 2016/03/08 v2.02 operator names
)
\inf@bad=\count179
LaTeX Info: Redefining \frac on input line 227.
\uproot@=\count180
\leftroot@=\count181
LaTeX Info: Redefining \overline on input line 389.
\classnum@=\count182
\DOTSCASE@=\count183
LaTeX Info: Redefining \ldots on input line 486.
LaTeX Info: Redefining \dots on input line 489.
LaTeX Info: Redefining \cdots on input line 610.
\Mathstrutbox@=\box50
\strutbox@=\box51
\big@size=\dimen156
LaTeX Font Info:    Redeclaring font encoding OML on input line 733.
LaTeX Font Info:    Redeclaring font encoding OMS on input line 734.
\macc@depth=\count184
\c@MaxMatrixCols=\count185
\dotsspace@=\muskip16
\c@parentequation=\count186
\dspbrk@lvl=\count187
\tag@help=\toks17
\row@=\count188
\column@=\count189
\maxfields@=\count190
\andhelp@=\toks18
\eqnshift@=\dimen157
\alignsep@=\dimen158
\tagshift@=\dimen159
\tagwidth@=\dimen160
\totwidth@=\dimen161
\lineht@=\dimen162
\@envbody=\toks19
\multlinegap=\skip53
\multlinetaggap=\skip54
\mathdisplay@stack=\toks20
LaTeX Info: Redefining \[ on input line 2859.
LaTeX Info: Redefining \] on input line 2860.
)
\authorcount=\count191
\tempcount=\count192
\NTempbox=\box52
\NTempdimen=\dimen163

(/usr/share/texlive/texmf-dist/tex/latex/tools/array.sty
Package: array 2019/08/31 v2.4l Tabular extension package (FMi)
\col@sep=\dimen164
\ar@mcellbox=\box53
\extrarowheight=\dimen165
\NC@list=\toks21
\extratabsurround=\skip55
\backup@length=\skip56
\ar@cellbox=\box54
)
\quotebox=\box55
\quoteskp=\skip57
\sdquoteskp=\skip58
\quotecnt=\count193

(/usr/share/texlive/texmf-dist/tex/latex/base/fontenc.sty
Package: fontenc 2020/02/11 v2.0o Standard LaTeX package
LaTeX Font Info:    Trying to load font information for T1+phv on input line 11
2.

(/usr/share/texlive/texmf-dist/tex/latex/psnfss/t1phv.fd
File: t1phv.fd 2001/06/04 scalable font definitions for T1/phv.
)))
(/usr/share/texlive/texmf-dist/tex/latex/hyperref/hyperref.sty
Package: hyperref 2020/01/14 v7.00d Hypertext links for LaTeX

(/usr/share/texlive/texmf-dist/tex/generic/ltxcmds/ltxcmds.sty
Package: ltxcmds 2019/12/15 v1.24 LaTeX kernel commands for general use (HO)
)
(/usr/share/texlive/texmf-dist/tex/latex/pdftexcmds/pdftexcmds.sty
Package: pdftexcmds 2019/11/24 v0.31 Utility functions of pdfTeX for LuaTeX (HO
)

(/usr/share/texlive/texmf-dist/tex/generic/infwarerr/infwarerr.sty
Package: infwarerr 2019/12/03 v1.5 Providing info/warning/error messages (HO)
)
Package pdftexcmds Info: \pdf@primitive is available.
Package pdftexcmds Info: \pdf@ifprimitive is available.
Package pdftexcmds Info: \pdfdraftmode found.
)
(/usr/share/texlive/texmf-dist/tex/generic/kvsetkeys/kvsetkeys.sty
Package: kvsetkeys 2019/12/15 v1.18 Key value parser (HO)
)
(/usr/share/texlive/texmf-dist/tex/generic/kvdefinekeys/kvdefinekeys.sty
Package: kvdefinekeys 2019-12-19 v1.6 Define keys (HO)
)
(/usr/share/texlive/texmf-dist/tex/generic/pdfescape/pdfescape.sty
Package: pdfescape 2019/12/09 v1.15 Implements pdfTeX's escape features (HO)
)
(/usr/share/texlive/texmf-dist/tex/latex/hycolor/hycolor.sty
Package: hycolor 2020-01-27 v1.10 Color options for hyperref/bookmark (HO)
)
(/usr/share/texlive/texmf-dist/tex/latex/letltxmacro/letltxmacro.sty
Package: letltxmacro 2019/12/03 v1.6 Let assignment for LaTeX macros (HO)
)
(/usr/share/texlive/texmf-dist/tex/latex/auxhook/auxhook.sty
Package: auxhook 2019-12-17 v1.6 Hooks for auxiliary files (HO)
)
(/usr/share/texlive/texmf-dist/tex/latex/kvoptions/kvoptions.sty
Package: kvoptions 2019/11/29 v3.13 Key value format for package options (HO)
)
\@linkdim=\dimen166
\Hy@linkcounter=\count194
\Hy@pagecounter=\count195

(/usr/share/texlive/texmf-dist/tex/latex/hyperref/pd1enc.def
File: pd1enc.def 2020/01/14 v7.00d Hyperref: PDFDocEncoding definition (HO)
Now handling font encoding PD1 ...
... no UTF-8 mapping file for font encoding PD1
)
(/usr/share/texlive/texmf-dist/tex/generic/intcalc/intcalc.sty
Package: intcalc 2019/12/15 v1.3 Expandable calculations with integers (HO)
)
(/usr/share/texlive/texmf-dist/tex/generic/etexcmds/etexcmds.sty
Package: etexcmds 2019/12/15 v1.7 Avoid name clashes with e-TeX commands (HO)
)
\Hy@SavedSpaceFactor=\count196
\pdfmajorversion=\count197
Package hyperref Info: Option `colorlinks' set `true' on input line 4421.
Package hyperref Info: Hyper figures OFF on input line 4547.
Package hyperref Info: Link nesting OFF on input line 4552.
Package hyperref Info: Hyper index ON on input line 4555.
Package hyperref Info: Plain pages OFF on input line 4562.
Package hyperref Info: Backreferencing OFF on input line 4567.
Package hyperref Info: Implicit mode ON; LaTeX internals redefined.
Package hyperref Info: Bookmarks ON on input line 4800.
\c@Hy@tempcnt=\count198

(/usr/share/texlive/texmf-dist/tex/latex/url/url.sty
\Urlmuskip=\muskip17
Package: url 2013/09/16  ver 3.4  Verb mode for urls, etc.
)
LaTeX Info: Redefining \url on input line 5159.
\XeTeXLinkMargin=\dimen167

(/usr/share/texlive/texmf-dist/tex/generic/bitset/bitset.sty
Package: bitset 2019/12/09 v1.3 Handle bit-vector datatype (HO)

(/usr/share/texlive/texmf-dist/tex/generic/bigintcalc/bigintcalc.sty
Package: bigintcalc 2019/12/15 v1.5 Expandable calculations on big integers (HO
)
))
\Fld@menulength=\count199
\Field@Width=\dimen168
\Fld@charsize=\dimen169
Package hyperref Info: Hyper figures OFF on input line 6430.
Package hyperref Info: Link nesting OFF on input line 6435.
Package hyperref Info: Hyper index ON on input line 6438.
Package hyperref Info: backreferencing OFF on input line 6445.
Package hyperref Info: Link coloring ON on input line 6448.
Package hyperref Info: Link coloring with OCG OFF on input line 6455.
Package hyperref Info: PDF/A mode OFF on input line 6460.
LaTeX Info: Redefining \ref on input line 6500.
LaTeX Info: Redefining \pageref on input line 6504.

(/usr/share/texlive/texmf-dist/tex/generic/atbegshi/atbegshi.sty
Package: atbegshi 2019/12/05 v1.19 At begin shipout hook (HO)
)
\Hy@abspage=\count266
\c@Item=\count267
\c@Hfootnote=\count268
)
Package hyperref Info: Driver (autodetected): hpdftex.

(/usr/share/texlive/texmf-dist/tex/latex/hyperref/hpdftex.def
File: hpdftex.def 2020/01/14 v7.00d Hyperref driver for pdfTeX

(/usr/share/texlive/texmf-dist/tex/latex/atveryend/atveryend.sty
Package: atveryend 2019-12-11 v1.11 Hooks at the very end of document (HO)
Package atveryend Info: \enddocument detected (standard20110627).
)
\Fld@listcount=\count269
\c@bookmark@seq@number=\count270

(/usr/share/texlive/texmf-dist/tex/latex/rerunfilecheck/rerunfilecheck.sty
Package: rerunfilecheck 2019/12/05 v1.9 Rerun checks for auxiliary files (HO)

(/usr/share/texlive/texmf-dist/tex/generic/uniquecounter/uniquecounter.sty
Package: uniquecounter 2019/12/15 v1.4 Provide unlimited unique counter (HO)
)
Package uniquecounter Info: New unique counter `rerunfilecheck' on input line 2
86.
)
\Hy@SectionHShift=\skip59
)
(./upmath.sty
Package: upmath 2010/10/20 v1.1 CUP LaTeX2e package
\c@mv@upright=\count271
\c@mv@boldupright=\count272
LaTeX Font Info:    Overwriting symbol font `letters' in version `upright'
(Font)                  OML/cmm/m/it --> OML/eur/m/n on input line 82.
LaTeX Font Info:    Overwriting symbol font `letters' in version `boldupright'
(Font)                  OML/cmm/m/it --> OML/eur/b/n on input line 83.
)
\c@theorem=\count273
\c@lemma=\count274

(/usr/share/texlive/texmf-dist/tex/latex/l3backend/l3backend-pdfmode.def
File: l3backend-pdfmode.def 2020-02-03 L3 backend support: PDF mode
\l__kernel_color_stack_int=\count275
\l__pdf_internal_box=\box56
)
(./paper.aux)
\openout1 = `paper.aux'.

LaTeX Font Info:    Checking defaults for OML/cmm/m/it on input line 22.
LaTeX Font Info:    ... okay on input line 22.
LaTeX Font Info:    Checking defaults for OMS/cmsy/m/n on input line 22.
LaTeX Font Info:    ... okay on input line 22.
LaTeX Font Info:    Checking defaults for OT1/cmr/m/n on input line 22.
LaTeX Font Info:    ... okay on input line 22.
LaTeX Font Info:    Checking defaults for T1/cmr/m/n on input line 22.
LaTeX Font Info:    ... okay on input line 22.
LaTeX Font Info:    Checking defaults for TS1/cmr/m/n on input line 22.
LaTeX Font Info:    ... okay on input line 22.
LaTeX Font Info:    Checking defaults for OMX/cmex/m/n on input line 22.
LaTeX Font Info:    ... okay on input line 22.
LaTeX Font Info:    Checking defaults for U/cmr/m/n on input line 22.
LaTeX Font Info:    ... okay on input line 22.
LaTeX Font Info:    Checking defaults for PD1/pdf/m/n on input line 22.
LaTeX Font Info:    ... okay on input line 22.
LaTeX Font Info:    Font shape `T1/phv/m/it' in size <5> not available
(Font)              Font shape `T1/phv/m/sl' tried instead on input line 22.
LaTeX Font Info:    Font shape `T1/phv/b/it' in size <5> not available
(Font)              Font shape `T1/phv/b/sl' tried instead on input line 22.
LaTeX Font Info:    Font shape `T1/phv/m/it' in size <7> not available
(Font)              Font shape `T1/phv/m/sl' tried instead on input line 22.
LaTeX Font Info:    Font shape `T1/phv/b/it' in size <7> not available
(Font)              Font shape `T1/phv/b/sl' tried instead on input line 22.
LaTeX Font Info:    Font shape `T1/phv/m/it' in size <8> not available
(Font)              Font shape `T1/phv/m/sl' tried instead on input line 22.
LaTeX Font Info:    Font shape `T1/phv/b/it' in size <8> not available
(Font)              Font shape `T1/phv/b/sl' tried instead on input line 22.
LaTeX Font Info:    Font shape `T1/phv/m/it' in size <8.5> not available
(Font)              Font shape `T1/phv/m/sl' tried instead on input line 22.
LaTeX Font Info:    Font shape `T1/phv/b/it' in size <8.5> not available
(Font)              Font shape `T1/phv/b/sl' tried instead on input line 22.
LaTeX Font Info:    Font shape `T1/phv/m/it' in size <9.03374> not available
(Font)              Font shape `T1/phv/m/sl' tried instead on input line 22.
LaTeX Font Info:    Font shape `T1/phv/b/it' in size <9.03374> not available
(Font)              Font shape `T1/phv/b/sl' tried instead on input line 22.
LaTeX Font Info:    Font shape `T1/phv/m/it' in size <10> not available
(Font)              Font shape `T1/phv/m/sl' tried instead on input line 22.
LaTeX Font Info:    Font shape `T1/phv/b/it' in size <10> not available
(Font)              Font shape `T1/phv/b/sl' tried instead on input line 22.
LaTeX Font Info:    Font shape `T1/phv/m/it' in size <12> not available
(Font)              Font shape `T1/phv/m/sl' tried instead on input line 22.
LaTeX Font Info:    Font shape `T1/phv/b/it' in size <12> not available
(Font)              Font shape `T1/phv/b/sl' tried instead on input line 22.
LaTeX Font Info:    Font shape `T1/phv/m/it' in size <17> not available
(Font)              Font shape `T1/phv/m/sl' tried instead on input line 22.
LaTeX Font Info:    Font shape `T1/phv/b/it' in size <17> not available
(Font)              Font shape `T1/phv/b/sl' tried instead on input line 22.
LaTeX Font Info:    Font shape `T1/phv/m/it' in size <20> not available
(Font)              Font shape `T1/phv/m/sl' tried instead on input line 22.
LaTeX Font Info:    Font shape `T1/phv/b/it' in size <20> not available
(Font)              Font shape `T1/phv/b/sl' tried instead on input line 22.
LaTeX Font Info:    Font shape `T1/phv/m/it' in size <18> not available
(Font)              Font shape `T1/phv/m/sl' tried instead on input line 22.
LaTeX Font Info:    Font shape `T1/phv/b/it' in size <18> not available
(Font)              Font shape `T1/phv/b/sl' tried instead on input line 22.

(/usr/share/texlive/texmf-dist/tex/context/base/mkii/supp-pdf.mkii
[Loading MPS to PDF converter (version 2006.09.02).]
\scratchcounter=\count276
\scratchdimen=\dimen170
\scratchbox=\box57
\nofMPsegments=\count277
\nofMParguments=\count278
\everyMPshowfont=\toks22
\MPscratchCnt=\count279
\MPscratchDim=\dimen171
\MPnumerator=\count280
\makeMPintoPDFobject=\count281
\everyMPtoPDFconversion=\toks23
) (/usr/share/texlive/texmf-dist/tex/latex/epstopdf-pkg/epstopdf-base.sty
Package: epstopdf-base 2020-01-24 v2.11 Base part for package epstopdf
Package epstopdf-base Info: Redefining graphics rule for `.eps' on input line 4
85.

(/usr/share/texlive/texmf-dist/tex/latex/latexconfig/epstopdf-sys.cfg
File: epstopdf-sys.cfg 2010/07/13 v1.3 Configuration of (r)epstopdf for TeX Liv
e
))
\AtBeginShipoutBox=\box58
Package hyperref Info: Link coloring ON on input line 22.

(/usr/share/texlive/texmf-dist/tex/latex/hyperref/nameref.sty
Package: nameref 2019/09/16 v2.46 Cross-referencing by name of section

(/usr/share/texlive/texmf-dist/tex/latex/refcount/refcount.sty
Package: refcount 2019/12/15 v3.6 Data extraction from label references (HO)
)
(/usr/share/texlive/texmf-dist/tex/generic/gettitlestring/gettitlestring.sty
Package: gettitlestring 2019/12/15 v1.6 Cleanup title references (HO)
)
\c@section@level=\count282
)
LaTeX Info: Redefining \ref on input line 22.
LaTeX Info: Redefining \pageref on input line 22.
LaTeX Info: Redefining \nameref on input line 22.

(./paper.out) (./paper.out)
\@outlinefile=\write3
\openout3 = `paper.out'.

LaTeX Font Info:    Font shape `T1/phv/m/it' in size <9> not available
(Font)              Font shape `T1/phv/m/sl' tried instead on input line 42.
LaTeX Font Info:    Trying to load font information for TS1+phv on input line 4
2.

(/usr/share/texlive/texmf-dist/tex/latex/psnfss/ts1phv.fd
File: ts1phv.fd 2001/06/04 scalable font definitions for TS1/phv.
)
Underfull \vbox (badness 10000) has occurred while \output is active []


Overfull \hbox (396.295pt too wide) has occurred while \output is active
[]| 
 []


Overfull \vbox (109.09244pt too high) has occurred while \output is active []


Overfull \hbox (138.5pt too wide) has occurred while \output is active
| [][]
 []


Underfull \hbox (badness 10000) has occurred while \output is active
[]
 []


Overfull \vbox (1.37195pt too high) has occurred while \output is active []


Overfull \hbox (18.0pt too wide) has occurred while \output is active
| [] 
 []

[1{/var/lib/texmf/fonts/map/pdftex/updmap/pdftex.map}


]
Overfull \vbox (12.0pt too high) has occurred while \output is active []


Overfull \vbox (1.37195pt too high) has occurred while \output is active []


[2]
LaTeX Font Info:    Calculating math sizes for size <9.03374> on input line 76.


Overfull \vbox (12.0pt too high) has occurred while \output is active []


Overfull \vbox (1.37195pt too high) has occurred while \output is active []


Overfull \hbox (18.0pt too wide) has occurred while \output is active
| [] 
 []

[3]
<fig1.png, id=87, 1890.06125pt x 1038.88126pt>
File: fig1.png Graphic file (type png)
<use fig1.png>
Package pdftex.def Info: fig1.png  used on input line 90.
(pdftex.def)             Requested size: 312.0pt x 171.48727pt.

Overfull \vbox (12.0pt too high) has occurred while \output is active []


Overfull \vbox (1.37195pt too high) has occurred while \output is active []


[4]
Underfull \hbox (badness 6204) in paragraph at lines 128--128
\T1/phv/m/n/8 Component ID
 []


Underfull \hbox (badness 6204) in paragraph at lines 133--133
\T1/phv/m/n/8 Component ID
 []


Underfull \hbox (badness 5388) in paragraph at lines 134--134
[]|\T1/phv/m/n/8 Mask files on
 []


Underfull \hbox (badness 10000) in paragraph at lines 138--138
[]|\T1/phv/m/n/8 Render View
 []


Underfull \hbox (badness 10000) in paragraph at lines 139--139
[]|\T1/phv/m/n/8 Render view
 []


Underfull \hbox (badness 10000) in paragraph at lines 140--140
[]|\T1/phv/m/n/8 Render view
 []


Underfull \hbox (badness 10000) in paragraph at lines 153--153
[]|\T1/phv/m/n/8 Ruler set-tings
 []


Underfull \hbox (badness 2884) in paragraph at lines 154--154
[]|\T1/phv/m/n/8 An in-ter-ac-tive sub-rou-tine. Rulers are user-
 []


Underfull \hbox (badness 6204) in paragraph at lines 158--158
[]|\T1/phv/m/n/8 Component ID
 []


Underfull \hbox (badness 10000) in paragraph at lines 159--159
[]|\T1/phv/m/n/8 Segmentation
 []


Underfull \hbox (badness 2318) in paragraph at lines 162--162
[]|\T1/phv/m/n/8 Select Com-po-
 []


Overfull \hbox (13.02986pt too wide) in paragraph at lines 163--163
[]|\T1/phv/m/n/8 Volume,Component
 []


Underfull \hbox (badness 10000) in paragraph at lines 165--165
\T1/phv/m/n/8 Component
 []


Underfull \hbox (badness 10000) in paragraph at lines 169--170
\T1/phv/m/n/8 Paint mask,
 []


Underfull \hbox (badness 5771) in paragraph at lines 171--171
[]|\T1/phv/m/n/8 Intensity dis-tri-
 []


Underfull \hbox (badness 3179) in paragraph at lines 173--173
[]|\T1/phv/m/n/8 Sample flu-o-res-cence in-ten-sity val-ues along
 []


Underfull \hbox (badness 2302) in paragraph at lines 175--175
[]|\T1/phv/m/n/8 Component In-
 []


Underfull \hbox (badness 6204) in paragraph at lines 176--176
\T1/phv/m/n/8 Component ID
 []


Underfull \hbox (badness 10000) in paragraph at lines 177--177
[]|\T1/phv/m/n/8 Intensity
 []


Underfull \hbox (badness 10000) in paragraph at lines 177--177
\T1/phv/m/n/8 in-for-ma-tion
 []


Underfull \hbox (badness 10000) in paragraph at lines 177--177
\T1/phv/m/n/8 on each
 []


Underfull \hbox (badness 10000) in paragraph at lines 178--178
[]|\T1/phv/m/n/8 Component
 []


Underfull \hbox (badness 10000) in paragraph at lines 183--183
[]|\T1/phv/m/n/8 Transformation
 []


Underfull \hbox (badness 10000) in paragraph at lines 184--184
[]|\T1/phv/m/n/8 Initial search
 []


Underfull \hbox (badness 10000) in paragraph at lines 184--184
\T1/phv/m/n/8 Convergence
 []


Underfull \hbox (badness 10000) in paragraph at lines 187--187
[]|\T1/phv/m/n/8 Component
 []


Underfull \hbox (badness 6204) in paragraph at lines 188--188
\T1/phv/m/n/8 Component ID
 []


Underfull \hbox (badness 10000) in paragraph at lines 190--190
[]|\T1/phv/m/n/8 Initial search
 []


Underfull \hbox (badness 10000) in paragraph at lines 190--190
\T1/phv/m/n/8 Convergence
 []


Underfull \hbox (badness 10000) in paragraph at lines 194--194
[]|\T1/phv/m/n/8 Output
 []


Underfull \hbox (badness 10000) in paragraph at lines 194--194
\T1/phv/m/n/8 from other
 []


Underfull \hbox (badness 10000) in paragraph at lines 196--196
[]|\T1/phv/m/n/8 Path to
 []


Underfull \hbox (badness 1769) in paragraph at lines 196--196
\T1/phv/m/n/8 Path to out-put
 []


Underfull \hbox (badness 10000) in alignment at lines 117--198
[][][][][] 
 []


Overfull \hbox (242.93456pt too wide) in paragraph at lines 117--199
 [][] 
 []

Package atveryend Info: Empty hook `BeforeClearDocument' on input line 201.

Overfull \vbox (12.0pt too high) has occurred while \output is active []


Overfull \vbox (1.37195pt too high) has occurred while \output is active []


Overfull \hbox (18.0pt too wide) has occurred while \output is active
| [] 
 []

[5 <./fig1.png>]
Overfull \vbox (12.0pt too high) has occurred while \output is active []


Overfull \vbox (1.37195pt too high) has occurred while \output is active []


[6


]
Package atveryend Info: Empty hook `AfterLastShipout' on input line 201.
 (./paper.aux)
Package atveryend Info: Executing hook `AtVeryEndDocument' on input line 201.
Package atveryend Info: Executing hook `AtEndAfterFileList' on input line 201.
Package rerunfilecheck Info: File `paper.out' has not changed.
(rerunfilecheck)             Checksum: 7DC9D38DA425063C7ECAB7B281CA643B;579.
Package atveryend Info: Empty hook `AtVeryVeryEnd' on input line 201.
 ) 
Here is how much of TeX's memory you used:
 7241 strings out of 483183
 108655 string characters out of 5966292
 501583 words of memory out of 5000000
 22099 multiletter control sequences out of 15000+600000
 655482 words of font info for 145 fonts, out of 8000000 for 9000
 14 hyphenation exceptions out of 8191
 38i,10n,33p,1949b,391s stack positions out of 5000i,500n,10000p,200000b,80000s
{/usr/share/texlive/texmf-dist/fonts/enc/dvips/base/8r.enc}</usr/share/texliv
e/texmf-dist/fonts/type1/public/amsfonts/cm/cmsy9.pfb></usr/share/texlive/texmf
-dist/fonts/type1/urw/helvetic/uhvb8a.pfb></usr/share/texlive/texmf-dist/fonts/
type1/urw/helvetic/uhvr8a.pfb></usr/share/texlive/texmf-dist/fonts/type1/urw/he
lvetic/uhvro8a.pfb>
Output written on paper.pdf (6 pages, 742523 bytes).
PDF statistics:
 124 PDF objects out of 1000 (max. 8388607)
 109 compressed objects within 2 object streams
 27 named destinations out of 1000 (max. 500000)
 86 words of extra memory for PDF output out of 10000 (max. 10000000)

